<?xml version="1.0" encoding="UTF-8"?>
<!-- Generated by org.testng.reporters.JUnitReportReporter -->
<testsuite hostname="PUNITP357490L" failures="0" tests="1" name="com.api.testRunners.RunAPIAutomationTest" time="6.830" errors="0" timestamp="2023-02-22T15:34:44 IST" skipped="0">
  <testcase classname="com.api.testRunners.RunAPIAutomationTest" name="runScenario" time="6.830"/>
  <system-out/>
</testsuite> <!-- com.api.testRunners.RunAPIAutomationTest -->
